<?xml version="1.0" encoding="UTF-8"?>
<testsuites>
  <testsuite name="Tracksporter Test Suite" tests="2" assertions="8" failures="0" errors="1" time="1.369611">
    <testsuite name="PositionsTest" file="C:\xampp\htdocs\testmobile\tests\PositionsTest.php" tests="2" assertions="8" failures="0" errors="1" time="1.369611">
      <testcase name="testGetPositions" class="PositionsTest" file="C:\xampp\htdocs\testmobile\tests\PositionsTest.php" line="58" assertions="8" time="0.806892"/>
      <testcase name="testPostPositions" class="PositionsTest" file="C:\xampp\htdocs\testmobile\tests\PositionsTest.php" line="134" assertions="0" time="0.562719">
        <error type="PHPUnit_Framework_ExceptionWrapper">PositionsTest::testPostPositions
ErrorException: Trying to get property of non-object

C:\xampp\htdocs\testmobile\tests\PositionsTest.php:172
C:\Users\Desarrollo\AppData\Roaming\Composer\vendor\phpunit\phpunit\src\TextUI\Command.php:147
C:\Users\Desarrollo\AppData\Roaming\Composer\vendor\phpunit\phpunit\src\TextUI\Command.php:99
</error>
      </testcase>
    </testsuite>
  </testsuite>
</testsuites>
